c:\users\theo\desktop\proiect poo\proiect-poo-2021\source\proiectpoo_balantheodor_damianstefan\debug\vc142.pdb
c:\users\theo\desktop\proiect poo\proiect-poo-2021\source\proiectpoo_balantheodor_damianstefan\debug\vc142.idb
c:\users\theo\desktop\proiect poo\proiect-poo-2021\source\proiectpoo_balantheodor_damianstefan\debug\view.obj
c:\users\theo\desktop\proiect poo\proiect-poo-2021\source\proiectpoo_balantheodor_damianstefan\debug\user.obj
c:\users\theo\desktop\proiect poo\proiect-poo-2021\source\proiectpoo_balantheodor_damianstefan\debug\haine.obj
c:\users\theo\desktop\proiect poo\proiect-poo-2021\source\proiectpoo_balantheodor_damianstefan\debug\source.obj
c:\users\theo\desktop\proiect poo\proiect-poo-2021\source\proiectpoo_balantheodor_damianstefan\debug\rochie.obj
c:\users\theo\desktop\proiect poo\proiect-poo-2021\source\proiectpoo_balantheodor_damianstefan\debug\interfatauser.obj
c:\users\theo\desktop\proiect poo\proiect-poo-2021\source\proiectpoo_balantheodor_damianstefan\debug\hainefemei.obj
c:\users\theo\desktop\proiect poo\proiect-poo-2021\source\proiectpoo_balantheodor_damianstefan\debug\hainebarbati.obj
c:\users\theo\desktop\proiect poo\proiect-poo-2021\source\proiectpoo_balantheodor_damianstefan\debug\ghiozdan.obj
c:\users\theo\desktop\proiect poo\proiect-poo-2021\source\proiectpoo_balantheodor_damianstefan\debug\controller.obj
c:\users\theo\desktop\proiect poo\proiect-poo-2021\source\proiectpoo_balantheodor_damianstefan\debug\bluza.obj
c:\users\theo\desktop\proiect poo\proiect-poo-2021\source\proiectpoo_balantheodor_damianstefan\debug\bermude.obj
c:\users\theo\desktop\proiect poo\proiect-poo-2021\source\proiectpoo_balantheodor_damianstefan\debug\admin.obj
c:\users\theo\desktop\proiect poo\proiect-poo-2021\source\debug\proiectpoo_balantheodor_damianstefan.exe
c:\users\theo\desktop\proiect poo\proiect-poo-2021\source\debug\proiectpoo_balantheodor_damianstefan.ilk
c:\users\theo\desktop\proiect poo\proiect-poo-2021\source\debug\proiectpoo_balantheodor_damianstefan.pdb
c:\users\theo\desktop\proiect poo\proiect-poo-2021\source\proiectpoo_balantheodor_damianstefan\debug\proiectp.42d82fe0.tlog\cl.command.1.tlog
c:\users\theo\desktop\proiect poo\proiect-poo-2021\source\proiectpoo_balantheodor_damianstefan\debug\proiectp.42d82fe0.tlog\cl.read.1.tlog
c:\users\theo\desktop\proiect poo\proiect-poo-2021\source\proiectpoo_balantheodor_damianstefan\debug\proiectp.42d82fe0.tlog\cl.write.1.tlog
c:\users\theo\desktop\proiect poo\proiect-poo-2021\source\proiectpoo_balantheodor_damianstefan\debug\proiectp.42d82fe0.tlog\link.command.1.tlog
c:\users\theo\desktop\proiect poo\proiect-poo-2021\source\proiectpoo_balantheodor_damianstefan\debug\proiectp.42d82fe0.tlog\link.read.1.tlog
c:\users\theo\desktop\proiect poo\proiect-poo-2021\source\proiectpoo_balantheodor_damianstefan\debug\proiectp.42d82fe0.tlog\link.write.1.tlog
